<?xml version="1.0" encoding="UTF-8"?>
<!-- Generated by org.testng.reporters.JUnitXMLReporter -->
<testsuite ignored="0" hostname="BhushanKalra" failures="0" tests="2" name="Reg Page Test" time="45.229" errors="0" timestamp="2025-04-23T20:48:58 IST">
  <testcase classname="com.qa.opencart.tests.RegisterPageTest" name="userRegisterationTest" time="5.454"/>
  <testcase classname="com.qa.opencart.tests.RegisterPageTest" name="userRegisterationTest" time="6.266"/>
</testsuite> <!-- Reg Page Test -->
